<?xml version="1.0" encoding="UTF-8"?>
<!-- Generated by org.testng.reporters.JUnitReportReporter -->
<testsuite hostname="DESKTOP-M8LBSK5" failures="0" tests="1" name="com.log4j2example.test.Log4j2ExampleTest.TestLoggingLog4j2" time="0.016" errors="0" timestamp="2022-11-13T20:46:41 IST" skipped="0">
  <testcase classname="com.log4j2example.test.Log4j2ExampleTest.TestLoggingLog4j2" name="testmain" time="0.016"/>
  <system-out/>
</testsuite> <!-- com.log4j2example.test.Log4j2ExampleTest.TestLoggingLog4j2 -->
