<?xml version="1.0" encoding="UTF-8"?>
<!-- Generated by org.testng.reporters.JUnitReportReporter -->
<testsuite hostname="DESKTOP-M8LBSK5" failures="0" tests="1" name="com.log4j2example.test.Log4jExampleTest.TestLoggingLog4j" time="0.038" errors="0" timestamp="2022-11-13T20:41:47 IST" skipped="0">
  <testcase classname="com.log4j2example.test.Log4jExampleTest.TestLoggingLog4j" name="testmain" time="0.038"/>
  <system-out/>
</testsuite> <!-- com.log4j2example.test.Log4jExampleTest.TestLoggingLog4j -->
