<?xml version="1.0" encoding="UTF-8"?>
<!-- Generated by org.testng.reporters.JUnitReportReporter -->
<testsuite hostname="DESKTOP-M8LBSK5" failures="0" tests="1" name="com.log4j2example.test.Log4j2ExampleTest.TestLogging" time="0.012" errors="0" timestamp="2022-05-10T22:50:01 IST" skipped="0">
  <testcase classname="com.log4j2example.test.Log4j2ExampleTest.TestLogging" name="testmain" time="0.012"/>
  <system-out/>
</testsuite> <!-- com.log4j2example.test.Log4j2ExampleTest.TestLogging -->
